<?xml version="1.0" encoding="UTF-8"?>
<testng-results skipped="0" failed="0" ignored="0" total="2" passed="2">
  <reporter-output>
  </reporter-output>
  <suite name="Command line suite" duration-ms="37249" started-at="2021-05-29T15:31:23Z" finished-at="2021-05-29T15:32:00Z">
    <groups>
    </groups>
    <test name="Command line test" duration-ms="37249" started-at="2021-05-29T15:31:23Z" finished-at="2021-05-29T15:32:00Z">
      <class name="test.AddCustomerTest">
        <test-method status="PASS" signature="validUserShouldBeAbleToCreateCustomer()[pri:0, instance:test.AddCustomerTest@1677d1]" name="validUserShouldBeAbleToCreateCustomer" duration-ms="24465" started-at="2021-05-29T15:31:23Z" finished-at="2021-05-29T15:31:48Z">
          <reporter-output>
          </reporter-output>
        </test-method> <!-- validUserShouldBeAbleToCreateCustomer -->
      </class> <!-- test.AddCustomerTest -->
      <class name="test.LoginTest">
        <test-method status="PASS" signature="validUserShouldBeAbleToLogin()[pri:0, instance:test.LoginTest@48fa0f47]" name="validUserShouldBeAbleToLogin" duration-ms="12751" started-at="2021-05-29T15:31:48Z" finished-at="2021-05-29T15:32:00Z">
          <reporter-output>
          </reporter-output>
        </test-method> <!-- validUserShouldBeAbleToLogin -->
      </class> <!-- test.LoginTest -->
    </test> <!-- Command line test -->
  </suite> <!-- Command line suite -->
</testng-results>
